<?xml version="1.0" encoding="UTF-8"?>
<testsuite name="DieTest" tests="1" skipped="0" failures="0" errors="0" timestamp="2020-07-28T00:08:44" hostname="admin2-ThinkCentre-M72e" time="0.002">
  <properties/>
  <testcase name="rollTest" classname="DieTest" time="0.002"/>
  <system-out><![CDATA[]]></system-out>
  <system-err><![CDATA[]]></system-err>
</testsuite>
